  Button.cpp
  Entity.cpp
  Game.cpp
  GameState.cpp
  main.cpp
  MainMenuState.cpp
C:\Users\agb72\OneDrive\Desktop\C++ Projects\Top down shooter\MainMenuState.cpp(58,78): warning C4244: 'argument': conversion from 'T' to 'T', possible loss of data
          with
          [
              T=unsigned int
          ]
          and
          [
              T=float
          ]
C:\Users\agb72\OneDrive\Desktop\C++ Projects\Top down shooter\MainMenuState.cpp(58,57): warning C4244: 'argument': conversion from 'T' to 'T', possible loss of data
          with
          [
              T=unsigned int
          ]
          and
          [
              T=float
          ]
  State.cpp
  Generating code
  Previous IPDB not found, fall back to full compilation.
  All 594 functions were compiled because no usable IPDB/IOBJ from previous compilation was found.
  Finished generating code
  Top down shooter.vcxproj -> C:\Users\agb72\OneDrive\Desktop\C++ Projects\Top down shooter\x64\Release\Top down shooter.exe
